[debug] [2023-03-04T11:45:21.484Z] ----------------------------------------------------------------------
[debug] [2023-03-04T11:45:21.487Z] Command:       /usr/local/bin/firebase /Users/bharathi/.cache/firebase/tools/lib/node_modules/firebase-tools/lib/bin/firebase init
[debug] [2023-03-04T11:45:21.488Z] CLI Version:   11.24.0
[debug] [2023-03-04T11:45:21.488Z] Platform:      darwin
[debug] [2023-03-04T11:45:21.488Z] Node Version:  v16.16.0
[debug] [2023-03-04T11:45:21.489Z] Time:          Sat Mar 04 2023 17:15:21 GMT+0530 (India Standard Time)
[debug] [2023-03-04T11:45:21.489Z] ----------------------------------------------------------------------
[debug] 
[debug] [2023-03-04T11:45:21.511Z] > command requires scopes: ["email","openid","https://www.googleapis.com/auth/cloudplatformprojects.readonly","https://www.googleapis.com/auth/firebase","https://www.googleapis.com/auth/cloud-platform"]
[debug] [2023-03-04T11:45:21.513Z] > authorizing via signed-in user (sbharathi261@gmail.com)
[info] 
     ######## #### ########  ######## ########     ###     ######  ########
     ##        ##  ##     ## ##       ##     ##  ##   ##  ##       ##
     ######    ##  ########  ######   ########  #########  ######  ######
     ##        ##  ##    ##  ##       ##     ## ##     ##       ## ##
     ##       #### ##     ## ######## ########  ##     ##  ######  ########

You're about to initialize a Firebase project in this directory:

  /Volumes/Development/React-native/CalCount

Before we get started, keep in mind:

  * You are currently outside your home directory

[info] 
=== Project Setup
[info] 
[info] First, let's associate this project directory with a Firebase project.
[info] You can create multiple project aliases by running firebase use --add, 
[info] but for now we'll just set up a default project.
[info] 
[debug] [2023-03-04T11:46:08.788Z] >>> [apiv2][query] GET https://firebase.googleapis.com/v1beta1/availableProjects pageSize=100
[debug] [2023-03-04T11:46:09.784Z] <<< [apiv2][status] GET https://firebase.googleapis.com/v1beta1/availableProjects 200
[debug] [2023-03-04T11:46:09.787Z] <<< [apiv2][body] GET https://firebase.googleapis.com/v1beta1/availableProjects [omitted]
[debug] [2023-03-04T11:46:27.347Z] >>> [apiv2][query] POST https://firebase.googleapis.com/v1beta1/projects/data-centaur-357710:addFirebase [none]
[debug] [2023-03-04T11:46:29.617Z] <<< [apiv2][status] POST https://firebase.googleapis.com/v1beta1/projects/data-centaur-357710:addFirebase 200
[debug] [2023-03-04T11:46:29.618Z] <<< [apiv2][body] POST https://firebase.googleapis.com/v1beta1/projects/data-centaur-357710:addFirebase {"name":"operations/workflows/ZjMyMmM0NTYtM2IzMi00N2I5LWIyYjItYzMxMzIzMjA0Mzg4"}
[debug] [2023-03-04T11:46:29.620Z] >>> [apiv2][query] GET https://firebase.googleapis.com/v1beta1/operations/workflows/ZjMyMmM0NTYtM2IzMi00N2I5LWIyYjItYzMxMzIzMjA0Mzg4 [none]
[debug] [2023-03-04T11:46:30.575Z] <<< [apiv2][status] GET https://firebase.googleapis.com/v1beta1/operations/workflows/ZjMyMmM0NTYtM2IzMi00N2I5LWIyYjItYzMxMzIzMjA0Mzg4 200
[debug] [2023-03-04T11:46:30.576Z] <<< [apiv2][body] GET https://firebase.googleapis.com/v1beta1/operations/workflows/ZjMyMmM0NTYtM2IzMi00N2I5LWIyYjItYzMxMzIzMjA0Mzg4 {"name":"operations/workflows/ZjMyMmM0NTYtM2IzMi00N2I5LWIyYjItYzMxMzIzMjA0Mzg4"}
[debug] [2023-03-04T11:46:31.079Z] [Add Firebase Poller] Retrying task index 0
[debug] [2023-03-04T11:46:31.082Z] >>> [apiv2][query] GET https://firebase.googleapis.com/v1beta1/operations/workflows/ZjMyMmM0NTYtM2IzMi00N2I5LWIyYjItYzMxMzIzMjA0Mzg4 [none]
[debug] [2023-03-04T11:46:31.676Z] <<< [apiv2][status] GET https://firebase.googleapis.com/v1beta1/operations/workflows/ZjMyMmM0NTYtM2IzMi00N2I5LWIyYjItYzMxMzIzMjA0Mzg4 200
[debug] [2023-03-04T11:46:31.677Z] <<< [apiv2][body] GET https://firebase.googleapis.com/v1beta1/operations/workflows/ZjMyMmM0NTYtM2IzMi00N2I5LWIyYjItYzMxMzIzMjA0Mzg4 {"name":"operations/workflows/ZjMyMmM0NTYtM2IzMi00N2I5LWIyYjItYzMxMzIzMjA0Mzg4"}
[debug] [2023-03-04T11:46:32.678Z] [Add Firebase Poller] Retrying task index 0
[debug] [2023-03-04T11:46:32.680Z] >>> [apiv2][query] GET https://firebase.googleapis.com/v1beta1/operations/workflows/ZjMyMmM0NTYtM2IzMi00N2I5LWIyYjItYzMxMzIzMjA0Mzg4 [none]
[debug] [2023-03-04T11:46:33.241Z] <<< [apiv2][status] GET https://firebase.googleapis.com/v1beta1/operations/workflows/ZjMyMmM0NTYtM2IzMi00N2I5LWIyYjItYzMxMzIzMjA0Mzg4 200
[debug] [2023-03-04T11:46:33.242Z] <<< [apiv2][body] GET https://firebase.googleapis.com/v1beta1/operations/workflows/ZjMyMmM0NTYtM2IzMi00N2I5LWIyYjItYzMxMzIzMjA0Mzg4 {"name":"operations/workflows/ZjMyMmM0NTYtM2IzMi00N2I5LWIyYjItYzMxMzIzMjA0Mzg4"}
[debug] [2023-03-04T11:46:35.243Z] [Add Firebase Poller] Retrying task index 0
[debug] [2023-03-04T11:46:35.244Z] >>> [apiv2][query] GET https://firebase.googleapis.com/v1beta1/operations/workflows/ZjMyMmM0NTYtM2IzMi00N2I5LWIyYjItYzMxMzIzMjA0Mzg4 [none]
[debug] [2023-03-04T11:46:35.785Z] <<< [apiv2][status] GET https://firebase.googleapis.com/v1beta1/operations/workflows/ZjMyMmM0NTYtM2IzMi00N2I5LWIyYjItYzMxMzIzMjA0Mzg4 200
[debug] [2023-03-04T11:46:35.786Z] <<< [apiv2][body] GET https://firebase.googleapis.com/v1beta1/operations/workflows/ZjMyMmM0NTYtM2IzMi00N2I5LWIyYjItYzMxMzIzMjA0Mzg4 {"name":"operations/workflows/ZjMyMmM0NTYtM2IzMi00N2I5LWIyYjItYzMxMzIzMjA0Mzg4"}
[debug] [2023-03-04T11:46:44.811Z] ----------------------------------------------------------------------
[debug] [2023-03-04T11:46:44.814Z] Command:       /usr/local/bin/firebase /Users/bharathi/.cache/firebase/tools/lib/node_modules/firebase-tools/lib/bin/firebase init
[debug] [2023-03-04T11:46:44.815Z] CLI Version:   11.24.0
[debug] [2023-03-04T11:46:44.815Z] Platform:      darwin
[debug] [2023-03-04T11:46:44.815Z] Node Version:  v16.16.0
[debug] [2023-03-04T11:46:44.816Z] Time:          Sat Mar 04 2023 17:16:44 GMT+0530 (India Standard Time)
[debug] [2023-03-04T11:46:44.817Z] ----------------------------------------------------------------------
[debug] 
[debug] [2023-03-04T11:46:44.834Z] > command requires scopes: ["email","openid","https://www.googleapis.com/auth/cloudplatformprojects.readonly","https://www.googleapis.com/auth/firebase","https://www.googleapis.com/auth/cloud-platform"]
[debug] [2023-03-04T11:46:44.836Z] > authorizing via signed-in user (sbharathi261@gmail.com)
[info] 
     ######## #### ########  ######## ########     ###     ######  ########
     ##        ##  ##     ## ##       ##     ##  ##   ##  ##       ##
     ######    ##  ########  ######   ########  #########  ######  ######
     ##        ##  ##    ##  ##       ##     ## ##     ##       ## ##
     ##       #### ##     ## ######## ########  ##     ##  ######  ########

You're about to initialize a Firebase project in this directory:

  /Volumes/Development/React-native/CalCount

Before we get started, keep in mind:

  * You are currently outside your home directory

[info] 
=== Project Setup
[info] 
[info] First, let's associate this project directory with a Firebase project.
[info] You can create multiple project aliases by running firebase use --add, 
[info] but for now we'll just set up a default project.
[info] 
[debug] [2023-03-04T11:46:49.890Z] >>> [apiv2][query] GET https://firebase.googleapis.com/v1beta1/projects pageSize=100
[debug] [2023-03-04T11:46:50.751Z] <<< [apiv2][status] GET https://firebase.googleapis.com/v1beta1/projects 200
[debug] [2023-03-04T11:46:50.751Z] <<< [apiv2][body] GET https://firebase.googleapis.com/v1beta1/projects [omitted]
[info] i  Using project calcount-84e94 (CalCount) 
[info] 
=== Hosting Setup
[info] 
[info] Your public directory is the folder (relative to your project directory) that
[info] will contain Hosting assets to be uploaded with firebase deploy. If you
[info] have a build process for your assets, use your build's output directory.
[info] 
[debug] [2023-03-04T11:47:07.646Z] >>> [apiv2][query] GET https://www.gstatic.com/firebasejs/releases.json [none]
[debug] [2023-03-04T11:47:07.797Z] <<< [apiv2][status] GET https://www.gstatic.com/firebasejs/releases.json 200
[debug] [2023-03-04T11:47:07.798Z] <<< [apiv2][body] GET https://www.gstatic.com/firebasejs/releases.json {"current":{"version":"9.17.2","browserURL":"https://www.gstatic.com/firebasejs/9.17.2/firebase.js","packageURL":"https://www.gstatic.com/firebasejs/9.17.2/firebase.tgz"},"live":{"version":"9.17","browserURL":"https://www.gstatic.com/firebasejs/live/9.17/firebase.js","packageURL":"https://www.gstatic.com/firebasejs/live/9.17/firebase.tgz"},"components":{"analytics":"https://www.gstatic.com/firebasejs/9.17.2/firebase-analytics.js","app":"https://www.gstatic.com/firebasejs/9.17.2/firebase-app.js","app-check":"https://www.gstatic.com/firebasejs/9.17.2/firebase-app-check.js","auth":"https://www.gstatic.com/firebasejs/9.17.2/firebase-auth.js","auth/cordova":"https://www.gstatic.com/firebasejs/9.17.2/firebase-auth/cordova.js","auth/react-native":"https://www.gstatic.com/firebasejs/9.17.2/firebase-auth/react-native.js","functions":"https://www.gstatic.com/firebasejs/9.17.2/firebase-functions.js","firestore":"https://www.gstatic.com/firebasejs/9.17.2/firebase-firestore.js","firestore/lite":"https://www.gstatic.com/firebasejs/9.17.2/firebase-firestore/lite.js","installations":"https://www.gstatic.com/firebasejs/9.17.2/firebase-installations.js","storage":"https://www.gstatic.com/firebasejs/9.17.2/firebase-storage.js","performance":"https://www.gstatic.com/firebasejs/9.17.2/firebase-performance.js","remote-config":"https://www.gstatic.com/firebasejs/9.17.2/firebase-remote-config.js","messaging":"https://www.gstatic.com/firebasejs/9.17.2/firebase-messaging.js","messaging/sw":"https://www.gstatic.com/firebasejs/9.17.2/firebase-messaging/sw.js","database":"https://www.gstatic.com/firebasejs/9.17.2/firebase-database.js","firestore.memory":"https://www.gstatic.com/firebasejs/9.17.2/firebase-firestore.memory.js"}}
[info] ✔  Wrote y/index.html 
[info] 
[info] i  Detected a .git folder at /Volumes/Development/React-native/CalCount 
[info] i  Authorizing with GitHub to upload your service account to a GitHub repository's secrets store. 
[info] 
[info] Visit this URL on this device to log in:
[info] https://github.com/login/oauth/authorize?client_id=89cf50f02ac6aaed3484&state=487235306&redirect_uri=http%3A%2F%2Flocalhost%3A9005&scope=read%3Auser%20repo%20public_repo
[info] 
[info] Waiting for authentication...
[debug] [2023-03-04T11:47:35.682Z] >>> [apiv2][query] POST https://github.com/login/oauth/access_token [none]
[debug] [2023-03-04T11:47:35.689Z] >>> [apiv2][body] POST https://github.com/login/oauth/access_token [stream]
[debug] [2023-03-04T11:47:36.310Z] <<< [apiv2][status] POST https://github.com/login/oauth/access_token 200
[debug] [2023-03-04T11:47:36.315Z] <<< [apiv2][body] POST https://github.com/login/oauth/access_token {"access_token":"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","token_type":"bearer","scope":"read:user,repo"}
[debug] [2023-03-04T11:47:36.333Z] >>> [apiv2][query] GET https://api.github.com/user [none]
[debug] [2023-03-04T11:47:36.817Z] <<< [apiv2][status] GET https://api.github.com/user 200
[debug] [2023-03-04T11:47:36.817Z] <<< [apiv2][body] GET https://api.github.com/user {"login":"BHARATHI-GIT-HUB","id":88837161,"node_id":"MDQ6VXNlcjg4ODM3MTYx","avatar_url":"https://avatars.githubusercontent.com/u/88837161?v=4","gravatar_id":"","url":"https://api.github.com/users/BHARATHI-GIT-HUB","html_url":"https://github.com/BHARATHI-GIT-HUB","followers_url":"https://api.github.com/users/BHARATHI-GIT-HUB/followers","following_url":"https://api.github.com/users/BHARATHI-GIT-HUB/following{/other_user}","gists_url":"https://api.github.com/users/BHARATHI-GIT-HUB/gists{/gist_id}","starred_url":"https://api.github.com/users/BHARATHI-GIT-HUB/starred{/owner}{/repo}","subscriptions_url":"https://api.github.com/users/BHARATHI-GIT-HUB/subscriptions","organizations_url":"https://api.github.com/users/BHARATHI-GIT-HUB/orgs","repos_url":"https://api.github.com/users/BHARATHI-GIT-HUB/repos","events_url":"https://api.github.com/users/BHARATHI-GIT-HUB/events{/privacy}","received_events_url":"https://api.github.com/users/BHARATHI-GIT-HUB/received_events","type":"User","site_admin":false,"name":"BHARATHI ","company":"Graduand","blog":"","location":"Chennai, Tamilnadu","email":null,"hireable":null,"bio":null,"twitter_username":null,"public_repos":5,"public_gists":0,"followers":2,"following":0,"created_at":"2021-08-12T13:00:42Z","updated_at":"2023-03-02T02:32:34Z","private_gists":0,"total_private_repos":6,"owned_private_repos":6,"disk_usage":306501,"collaborators":3,"two_factor_authentication":false,"plan":{"name":"free","space":976562499,"collaborators":0,"private_repos":10000}}
[info] 
[info] ✔  Success! Logged into GitHub as BHARATHI-GIT-HUB 
[info] 
[debug] [2023-03-04T11:47:55.153Z] >>> [apiv2][query] GET https://api.github.com/repos/y/actions/secrets/public-key type=owner
[debug] [2023-03-04T11:47:55.657Z] <<< [apiv2][status] GET https://api.github.com/repos/y/actions/secrets/public-key 404
[debug] [2023-03-04T11:47:55.658Z] <<< [apiv2][body] GET https://api.github.com/repos/y/actions/secrets/public-key {"message":"Not Found","documentation_url":"https://docs.github.com/rest"}
